{"C:\\Users\\983678\\OneDrive - Cognizant\\Desktop\\Internship project testing\\DE-cognizant-project\\src\\components\\Notification.jsx": {"path":"C:\\Users\\983678\\OneDrive - Cognizant\\Desktop\\Internship project testing\\DE-cognizant-project\\src\\components\\Notification.jsx","statementMap":{"0":{"start":{"line":4,"column":4},"end":{"line":11,"column":35}},"1":{"start":{"line":5,"column":8},"end":{"line":5,"column":29}},"2":{"start":{"line":5,"column":22},"end":{"line":5,"column":29}},"3":{"start":{"line":6,"column":22},"end":{"line":8,"column":20}},"4":{"start":{"line":7,"column":12},"end":{"line":7,"column":22}},"5":{"start":{"line":10,"column":8},"end":{"line":10,"column":40}},"6":{"start":{"line":10,"column":21},"end":{"line":10,"column":40}},"7":{"start":{"line":13,"column":4},"end":{"line":15,"column":5}},"8":{"start":{"line":14,"column":8},"end":{"line":14,"column":19}},"9":{"start":{"line":17,"column":4},"end":{"line":37,"column":6}}},"fnMap":{"0":{"name":"Notification","decl":{"start":{"line":3,"column":9},"end":{"line":3,"column":21}},"loc":{"start":{"line":3,"column":74},"end":{"line":39,"column":1}},"line":3},"1":{"name":"(anonymous_1)","decl":{"start":{"line":4,"column":14},"end":{"line":4,"column":15}},"loc":{"start":{"line":4,"column":20},"end":{"line":11,"column":5}},"line":4},"2":{"name":"(anonymous_2)","decl":{"start":{"line":6,"column":33},"end":{"line":6,"column":34}},"loc":{"start":{"line":6,"column":39},"end":{"line":8,"column":9}},"line":6},"3":{"name":"(anonymous_3)","decl":{"start":{"line":10,"column":15},"end":{"line":10,"column":16}},"loc":{"start":{"line":10,"column":21},"end":{"line":10,"column":40}},"line":10}},"branchMap":{"0":{"loc":{"start":{"line":5,"column":8},"end":{"line":5,"column":29}},"type":"if","locations":[{"start":{"line":5,"column":8},"end":{"line":5,"column":29}},{"start":{},"end":{}}],"line":5},"1":{"loc":{"start":{"line":13,"column":4},"end":{"line":15,"column":5}},"type":"if","locations":[{"start":{"line":13,"column":4},"end":{"line":15,"column":5}},{"start":{},"end":{}}],"line":13}},"s":{"0":7,"1":7,"2":2,"3":5,"4":1,"5":5,"6":5,"7":7,"8":2,"9":5},"f":{"0":7,"1":7,"2":1,"3":5},"b":{"0":[2,5],"1":[2,5]},"_coverageSchema":"1a1c01bbd47fc00a2c39e90264f33305004495a9","hash":"c2fbdaf8b3c9a443cad82e53a3660c13cee82b48"}
,"C:\\Users\\983678\\OneDrive - Cognizant\\Desktop\\Internship project testing\\DE-cognizant-project\\src\\utils\\authErrors.js": {"path":"C:\\Users\\983678\\OneDrive - Cognizant\\Desktop\\Internship project testing\\DE-cognizant-project\\src\\utils\\authErrors.js","statementMap":{"0":{"start":{"line":3,"column":4},"end":{"line":16,"column":5}},"1":{"start":{"line":5,"column":12},"end":{"line":5,"column":57}},"2":{"start":{"line":7,"column":12},"end":{"line":7,"column":53}},"3":{"start":{"line":11,"column":12},"end":{"line":11,"column":48}},"4":{"start":{"line":13,"column":12},"end":{"line":13,"column":64}},"5":{"start":{"line":15,"column":12},"end":{"line":15,"column":61}}},"fnMap":{"0":{"name":"getAuthErrorMessage","decl":{"start":{"line":2,"column":9},"end":{"line":2,"column":28}},"loc":{"start":{"line":2,"column":35},"end":{"line":17,"column":1}},"line":2}},"branchMap":{"0":{"loc":{"start":{"line":3,"column":4},"end":{"line":16,"column":5}},"type":"switch","locations":[{"start":{"line":4,"column":8},"end":{"line":5,"column":57}},{"start":{"line":6,"column":8},"end":{"line":7,"column":53}},{"start":{"line":8,"column":8},"end":{"line":8,"column":39}},{"start":{"line":9,"column":8},"end":{"line":9,"column":35}},{"start":{"line":10,"column":8},"end":{"line":11,"column":48}},{"start":{"line":12,"column":8},"end":{"line":13,"column":64}},{"start":{"line":14,"column":8},"end":{"line":15,"column":61}}],"line":3}},"s":{"0":10,"1":1,"2":1,"3":3,"4":1,"5":4},"f":{"0":10},"b":{"0":[1,1,1,2,3,1,4]},"_coverageSchema":"1a1c01bbd47fc00a2c39e90264f33305004495a9","hash":"f3cfff2dcad61014b7f0cb9e55aa2baef59ab196"}
,"C:\\Users\\983678\\OneDrive - Cognizant\\Desktop\\Internship project testing\\DE-cognizant-project\\src\\utils\\dueDate.js": {"path":"C:\\Users\\983678\\OneDrive - Cognizant\\Desktop\\Internship project testing\\DE-cognizant-project\\src\\utils\\dueDate.js","statementMap":{"0":{"start":{"line":1,"column":13},"end":{"line":1,"column":54}},"1":{"start":{"line":1,"column":24},"end":{"line":1,"column":54}},"2":{"start":{"line":3,"column":30},"end":{"line":4,"column":78}},"3":{"start":{"line":4,"column":2},"end":{"line":4,"column":78}},"4":{"start":{"line":6,"column":30},"end":{"line":7,"column":79}},"5":{"start":{"line":7,"column":2},"end":{"line":7,"column":79}},"6":{"start":{"line":9,"column":29},"end":{"line":84,"column":1}},"7":{"start":{"line":10,"column":18},"end":{"line":10,"column":30}},"8":{"start":{"line":11,"column":2},"end":{"line":13,"column":3}},"9":{"start":{"line":12,"column":4},"end":{"line":12,"column":15}},"10":{"start":{"line":18,"column":13},"end":{"line":18,"column":14}},"11":{"start":{"line":19,"column":15},"end":{"line":19,"column":16}},"12":{"start":{"line":20,"column":16},"end":{"line":20,"column":21}},"13":{"start":{"line":22,"column":14},"end":{"line":22,"column":55}},"14":{"start":{"line":23,"column":2},"end":{"line":55,"column":3}},"15":{"start":{"line":24,"column":4},"end":{"line":24,"column":27}},"16":{"start":{"line":25,"column":4},"end":{"line":25,"column":28}},"17":{"start":{"line":26,"column":4},"end":{"line":26,"column":26}},"18":{"start":{"line":28,"column":4},"end":{"line":28,"column":72}},"19":{"start":{"line":29,"column":4},"end":{"line":54,"column":5}},"20":{"start":{"line":30,"column":6},"end":{"line":30,"column":29}},"21":{"start":{"line":31,"column":6},"end":{"line":31,"column":30}},"22":{"start":{"line":32,"column":6},"end":{"line":32,"column":28}},"23":{"start":{"line":33,"column":6},"end":{"line":33,"column":29}},"24":{"start":{"line":34,"column":6},"end":{"line":34,"column":31}},"25":{"start":{"line":35,"column":6},"end":{"line":35,"column":20}},"26":{"start":{"line":37,"column":6},"end":{"line":37,"column":61}},"27":{"start":{"line":38,"column":6},"end":{"line":53,"column":7}},"28":{"start":{"line":39,"column":8},"end":{"line":39,"column":32}},"29":{"start":{"line":40,"column":8},"end":{"line":40,"column":30}},"30":{"start":{"line":41,"column":8},"end":{"line":41,"column":31}},"31":{"start":{"line":43,"column":8},"end":{"line":43,"column":83}},"32":{"start":{"line":44,"column":8},"end":{"line":46,"column":9}},"33":{"start":{"line":45,"column":10},"end":{"line":45,"column":21}},"34":{"start":{"line":47,"column":8},"end":{"line":47,"column":32}},"35":{"start":{"line":48,"column":8},"end":{"line":48,"column":30}},"36":{"start":{"line":49,"column":8},"end":{"line":49,"column":31}},"37":{"start":{"line":50,"column":8},"end":{"line":50,"column":31}},"38":{"start":{"line":51,"column":8},"end":{"line":51,"column":33}},"39":{"start":{"line":52,"column":8},"end":{"line":52,"column":22}},"40":{"start":{"line":57,"column":2},"end":{"line":65,"column":3}},"41":{"start":{"line":64,"column":4},"end":{"line":64,"column":15}},"42":{"start":{"line":67,"column":17},"end":{"line":67,"column":67}},"43":{"start":{"line":69,"column":2},"end":{"line":77,"column":3}},"44":{"start":{"line":76,"column":4},"end":{"line":76,"column":15}},"45":{"start":{"line":79,"column":2},"end":{"line":83,"column":3}},"46":{"start":{"line":86,"column":29},"end":{"line":90,"column":1}},"47":{"start":{"line":87,"column":14},"end":{"line":87,"column":24}},"48":{"start":{"line":88,"column":2},"end":{"line":88,"column":22}},"49":{"start":{"line":89,"column":2},"end":{"line":89,"column":40}},"50":{"start":{"line":92,"column":35},"end":{"line":98,"column":1}},"51":{"start":{"line":93,"column":2},"end":{"line":95,"column":3}},"52":{"start":{"line":94,"column":4},"end":{"line":94,"column":31}},"53":{"start":{"line":97,"column":2},"end":{"line":97,"column":57}}},"fnMap":{"0":{"name":"(anonymous_0)","decl":{"start":{"line":1,"column":13},"end":{"line":1,"column":14}},"loc":{"start":{"line":1,"column":24},"end":{"line":1,"column":54}},"line":1},"1":{"name":"(anonymous_1)","decl":{"start":{"line":3,"column":30},"end":{"line":3,"column":31}},"loc":{"start":{"line":4,"column":2},"end":{"line":4,"column":78}},"line":4},"2":{"name":"(anonymous_2)","decl":{"start":{"line":6,"column":30},"end":{"line":6,"column":31}},"loc":{"start":{"line":7,"column":2},"end":{"line":7,"column":79}},"line":7},"3":{"name":"(anonymous_3)","decl":{"start":{"line":9,"column":29},"end":{"line":9,"column":30}},"loc":{"start":{"line":9,"column":40},"end":{"line":84,"column":1}},"line":9},"4":{"name":"(anonymous_4)","decl":{"start":{"line":86,"column":29},"end":{"line":86,"column":30}},"loc":{"start":{"line":86,"column":39},"end":{"line":90,"column":1}},"line":86},"5":{"name":"(anonymous_5)","decl":{"start":{"line":92,"column":35},"end":{"line":92,"column":36}},"loc":{"start":{"line":92,"column":45},"end":{"line":98,"column":1}},"line":92}},"branchMap":{"0":{"loc":{"start":{"line":11,"column":2},"end":{"line":13,"column":3}},"type":"if","locations":[{"start":{"line":11,"column":2},"end":{"line":13,"column":3}},{"start":{},"end":{}}],"line":11},"1":{"loc":{"start":{"line":23,"column":2},"end":{"line":55,"column":3}},"type":"if","locations":[{"start":{"line":23,"column":2},"end":{"line":55,"column":3}},{"start":{"line":27,"column":9},"end":{"line":55,"column":3}}],"line":23},"2":{"loc":{"start":{"line":29,"column":4},"end":{"line":54,"column":5}},"type":"if","locations":[{"start":{"line":29,"column":4},"end":{"line":54,"column":5}},{"start":{"line":36,"column":11},"end":{"line":54,"column":5}}],"line":29},"3":{"loc":{"start":{"line":38,"column":6},"end":{"line":53,"column":7}},"type":"if","locations":[{"start":{"line":38,"column":6},"end":{"line":53,"column":7}},{"start":{"line":42,"column":13},"end":{"line":53,"column":7}}],"line":38},"4":{"loc":{"start":{"line":44,"column":8},"end":{"line":46,"column":9}},"type":"if","locations":[{"start":{"line":44,"column":8},"end":{"line":46,"column":9}},{"start":{},"end":{}}],"line":44},"5":{"loc":{"start":{"line":57,"column":2},"end":{"line":65,"column":3}},"type":"if","locations":[{"start":{"line":57,"column":2},"end":{"line":65,"column":3}},{"start":{},"end":{}}],"line":57},"6":{"loc":{"start":{"line":58,"column":4},"end":{"line":62,"column":29}},"type":"binary-expr","locations":[{"start":{"line":58,"column":4},"end":{"line":58,"column":15}},{"start":{"line":59,"column":4},"end":{"line":59,"column":13}},{"start":{"line":59,"column":17},"end":{"line":59,"column":27}},{"start":{"line":60,"column":4},"end":{"line":60,"column":11}},{"start":{"line":60,"column":15},"end":{"line":60,"column":23}},{"start":{"line":61,"column":4},"end":{"line":61,"column":12}},{"start":{"line":61,"column":16},"end":{"line":61,"column":25}},{"start":{"line":62,"column":4},"end":{"line":62,"column":14}},{"start":{"line":62,"column":18},"end":{"line":62,"column":29}}],"line":58},"7":{"loc":{"start":{"line":69,"column":2},"end":{"line":77,"column":3}},"type":"if","locations":[{"start":{"line":69,"column":2},"end":{"line":77,"column":3}},{"start":{},"end":{}}],"line":69},"8":{"loc":{"start":{"line":70,"column":4},"end":{"line":74,"column":34}},"type":"binary-expr","locations":[{"start":{"line":70,"column":4},"end":{"line":70,"column":33}},{"start":{"line":71,"column":4},"end":{"line":71,"column":35}},{"start":{"line":72,"column":4},"end":{"line":72,"column":28}},{"start":{"line":73,"column":4},"end":{"line":73,"column":30}},{"start":{"line":74,"column":4},"end":{"line":74,"column":34}}],"line":70},"9":{"loc":{"start":{"line":82,"column":23},"end":{"line":82,"column":80}},"type":"cond-expr","locations":[{"start":{"line":82,"column":33},"end":{"line":82,"column":55}},{"start":{"line":82,"column":58},"end":{"line":82,"column":80}}],"line":82},"10":{"loc":{"start":{"line":93,"column":2},"end":{"line":95,"column":3}},"type":"if","locations":[{"start":{"line":93,"column":2},"end":{"line":95,"column":3}},{"start":{},"end":{}}],"line":93},"11":{"loc":{"start":{"line":97,"column":12},"end":{"line":97,"column":31}},"type":"binary-expr","locations":[{"start":{"line":97,"column":12},"end":{"line":97,"column":21}},{"start":{"line":97,"column":25},"end":{"line":97,"column":31}}],"line":97}},"s":{"0":1,"1":28,"2":1,"3":9,"4":1,"5":5,"6":1,"7":12,"8":12,"9":2,"10":10,"11":10,"12":10,"13":10,"14":10,"15":3,"16":3,"17":3,"18":7,"19":7,"20":4,"21":4,"22":4,"23":4,"24":4,"25":4,"26":3,"27":3,"28":1,"29":1,"30":1,"31":2,"32":2,"33":1,"34":1,"35":1,"36":1,"37":1,"38":1,"39":1,"40":9,"41":3,"42":6,"43":6,"44":1,"45":5,"46":1,"47":3,"48":3,"49":3,"50":1,"51":3,"52":1,"53":2},"f":{"0":28,"1":9,"2":5,"3":12,"4":3,"5":3},"b":{"0":[2,10],"1":[3,7],"2":[4,3],"3":[1,2],"4":[1,1],"5":[3,6],"6":[9,9,9,8,8,8,8,7,7],"7":[1,5],"8":[6,6,5,5,5],"9":[3,2],"10":[1,2],"11":[2,1]},"_coverageSchema":"1a1c01bbd47fc00a2c39e90264f33305004495a9","hash":"dbcaa50ac1578fa87e66d27d6065d2963dfbeef2"}
}
