TN:
SF:src\components\Notification.jsx
FN:3,Notification
FN:4,(anonymous_1)
FN:6,(anonymous_2)
FN:10,(anonymous_3)
FNF:4
FNH:4
FNDA:7,Notification
FNDA:7,(anonymous_1)
FNDA:1,(anonymous_2)
FNDA:5,(anonymous_3)
DA:4,7
DA:5,7
DA:6,5
DA:7,1
DA:10,5
DA:13,7
DA:14,2
DA:17,5
LF:8
LH:8
BRDA:5,0,0,2
BRDA:5,0,1,5
BRDA:13,1,0,2
BRDA:13,1,1,5
BRF:4
BRH:4
end_of_record
TN:
SF:src\utils\authErrors.js
FN:2,getAuthErrorMessage
FNF:1
FNH:1
FNDA:10,getAuthErrorMessage
DA:3,10
DA:5,1
DA:7,1
DA:11,3
DA:13,1
DA:15,4
LF:6
LH:6
BRDA:3,0,0,1
BRDA:3,0,1,1
BRDA:3,0,2,1
BRDA:3,0,3,2
BRDA:3,0,4,3
BRDA:3,0,5,1
BRDA:3,0,6,4
BRF:7
BRH:7
end_of_record
TN:
SF:src\utils\dueDate.js
FN:1,(anonymous_0)
FN:3,(anonymous_1)
FN:6,(anonymous_2)
FN:9,(anonymous_3)
FN:86,(anonymous_4)
FN:92,(anonymous_5)
FNF:6
FNH:6
FNDA:28,(anonymous_0)
FNDA:9,(anonymous_1)
FNDA:5,(anonymous_2)
FNDA:12,(anonymous_3)
FNDA:3,(anonymous_4)
FNDA:3,(anonymous_5)
DA:1,28
DA:3,1
DA:4,9
DA:6,1
DA:7,5
DA:9,1
DA:10,12
DA:11,12
DA:12,2
DA:18,10
DA:19,10
DA:20,10
DA:22,10
DA:23,10
DA:24,3
DA:25,3
DA:26,3
DA:28,7
DA:29,7
DA:30,4
DA:31,4
DA:32,4
DA:33,4
DA:34,4
DA:35,4
DA:37,3
DA:38,3
DA:39,1
DA:40,1
DA:41,1
DA:43,2
DA:44,2
DA:45,1
DA:47,1
DA:48,1
DA:49,1
DA:50,1
DA:51,1
DA:52,1
DA:57,9
DA:64,3
DA:67,6
DA:69,6
DA:76,1
DA:79,5
DA:86,1
DA:87,3
DA:88,3
DA:89,3
DA:92,1
DA:93,3
DA:94,1
DA:97,2
LF:53
LH:53
BRDA:11,0,0,2
BRDA:11,0,1,10
BRDA:23,1,0,3
BRDA:23,1,1,7
BRDA:29,2,0,4
BRDA:29,2,1,3
BRDA:38,3,0,1
BRDA:38,3,1,2
BRDA:44,4,0,1
BRDA:44,4,1,1
BRDA:57,5,0,3
BRDA:57,5,1,6
BRDA:58,6,0,9
BRDA:58,6,1,9
BRDA:58,6,2,9
BRDA:58,6,3,8
BRDA:58,6,4,8
BRDA:58,6,5,8
BRDA:58,6,6,8
BRDA:58,6,7,7
BRDA:58,6,8,7
BRDA:69,7,0,1
BRDA:69,7,1,5
BRDA:70,8,0,6
BRDA:70,8,1,6
BRDA:70,8,2,5
BRDA:70,8,3,5
BRDA:70,8,4,5
BRDA:82,9,0,3
BRDA:82,9,1,2
BRDA:93,10,0,1
BRDA:93,10,1,2
BRDA:97,11,0,2
BRDA:97,11,1,1
BRF:34
BRH:34
end_of_record
